Build started 2015/9/3 9:01:50.
     1>Project "D:\Documents\GitHub\DesignPattern\DesignDemo\AbstractFactory\AbstractFactory\AbstractFactory.vcxproj" on node 2 (Build target(s)).
     1>ClCompile:
         E:\Program Files (x86)\Microsoft Visual Studio 12.0\VC\bin\CL.exe /c /ZI /nologo /W3 /WX- /sdl /Od /Oy- /D _MBCS /Gm /EHsc /RTC1 /MDd /GS /fp:precise /Zc:wchar_t /Zc:forScope /Fo"Debug\\" /Fd"Debug\vc120.pdb" /Gd /TP /analyze- /errorReport:prompt AbstractFactory.cpp AbstractProductA.cpp AbstractProductB.cpp ConcreteFactoryA.cpp ConcreteFactoryB.cpp ConcreteProductA1.cpp ConcreteProductA2.cpp ConcreteProductB1.cpp ConcreteProductB2.cpp main.cpp
         main.cpp
         ConcreteProductB2.cpp
         ConcreteProductB1.cpp
         ConcreteProductA2.cpp
         ConcreteProductA1.cpp
         ConcreteFactoryB.cpp
         ConcreteFactoryA.cpp
         AbstractProductB.cpp
         AbstractProductA.cpp
         AbstractFactory.cpp
         Generating Code...
       Link:
         E:\Program Files (x86)\Microsoft Visual Studio 12.0\VC\bin\link.exe /ERRORREPORT:PROMPT /OUT:"D:\Documents\GitHub\DesignPattern\DesignDemo\AbstractFactory\Debug\AbstractFactory.exe" /INCREMENTAL /NOLOGO kernel32.lib user32.lib gdi32.lib winspool.lib comdlg32.lib advapi32.lib shell32.lib ole32.lib oleaut32.lib uuid.lib odbc32.lib odbccp32.lib /MANIFEST /MANIFESTUAC:"level='asInvoker' uiAccess='false'" /manifest:embed /DEBUG /PDB:"D:\Documents\GitHub\DesignPattern\DesignDemo\AbstractFactory\Debug\AbstractFactory.pdb" /TLBID:1 /DYNAMICBASE /NXCOMPAT /IMPLIB:"D:\Documents\GitHub\DesignPattern\DesignDemo\AbstractFactory\Debug\AbstractFactory.lib" /MACHINE:X86 Debug\AbstractFactory.obj
         Debug\AbstractProductA.obj
         Debug\AbstractProductB.obj
         Debug\ConcreteFactoryA.obj
         Debug\ConcreteFactoryB.obj
         Debug\ConcreteProductA1.obj
         Debug\ConcreteProductA2.obj
         Debug\ConcreteProductB1.obj
         Debug\ConcreteProductB2.obj
         Debug\main.obj
         LINK : D:\Documents\GitHub\DesignPattern\DesignDemo\AbstractFactory\Debug\AbstractFactory.exe not found or not built by the last incremental link; performing full link
         AbstractFactory.vcxproj -> D:\Documents\GitHub\DesignPattern\DesignDemo\AbstractFactory\Debug\AbstractFactory.exe
     1>Done Building Project "D:\Documents\GitHub\DesignPattern\DesignDemo\AbstractFactory\AbstractFactory\AbstractFactory.vcxproj" (Build target(s)).

Build succeeded.

Time Elapsed 00:00:09.22
